demo/proguard/mapping.txt
org.dmfs.android.retentionmagic.demo.DemoActivity -> org.dmfs.android.retentionmagic.demo.DemoActivity:
    java.lang.String TAG -> TAG
    org.dmfs.android.retentionmagic.demo.DemoActivity$SectionsPagerAdapter mSectionsPagerAdapter -> n
    android.support.v4.view.ViewPager mViewPager -> o
    boolean _boolean -> _boolean
    boolean[] _booleanArray -> _booleanArray
    byte _byte -> _byte
    byte[] _byteArray -> _byteArray
    short _short -> _short
    short[] _shortArray -> _shortArray
    char _char -> _char
    char[] _charArray -> _charArray
    int _int -> _int
    int[] _intArray -> _intArray
    float _float -> _float
    float[] _floatArray -> _floatArray
    double _double -> _double
    double[] _doubleArray -> _doubleArray
    long _long -> _long
    long[] _longArray -> _longArray
    java.lang.String _string -> _string
    java.lang.String[] _stringArray -> _stringArray
    android.os.Bundle _bundle -> _bundle
    java.lang.CharSequence _charSequence -> _charSequence
    java.lang.CharSequence[] _charSequenceArray -> _charSequenceArray
    android.os.Parcelable _parcelable -> _parcelable
    android.os.Parcelable[] _parcelableSequenceArray -> _parcelableSequenceArray
    java.io.Serializable _serializeable -> _serializeable
    android.util.SparseArray _sparseArrayParcelable -> _sparseArrayParcelable
    java.util.ArrayList _integerArrayList -> _integerArrayList
    java.util.ArrayList _stringArrayList -> _stringArrayList
org.dmfs.android.retentionmagic.demo.DemoActivity$DummySectionFragment -> org.dmfs.android.retentionmagic.demo.a:
    java.lang.String TAG -> TAG
    boolean _boolean -> _boolean
    boolean[] _booleanArray -> _booleanArray
    byte _byte -> _byte
    byte[] _byteArray -> _byteArray
    short _short -> _short
    short[] _shortArray -> _shortArray
    char _char -> _char
    char[] _charArray -> _charArray
    int _int -> _int
    int[] _intArray -> _intArray
    float _float -> _float
    float[] _floatArray -> _floatArray
    double _double -> _double
    double[] _doubleArray -> _doubleArray
    long _long -> _long
    long[] _longArray -> _longArray
    java.lang.String _string -> _string
    java.lang.String[] _stringArray -> _stringArray
    android.os.Bundle _bundle -> _bundle
    java.lang.CharSequence _charSequence -> _charSequence
    java.lang.CharSequence[] _charSequenceArray -> _charSequenceArray
    android.os.Parcelable _parcelable -> _parcelable
    android.os.Parcelable[] _parcelableSequenceArray -> _parcelableSequenceArray
    java.io.Serializable _serializeable -> _serializeable
    android.util.SparseArray _sparseArrayParcelable -> _sparseArrayParcelable
    java.util.ArrayList _integerArrayList -> _integerArrayList
    java.util.ArrayList _stringArrayList -> _stringArrayList
    java.util.ArrayList _parcelableArrayList -> _parcelableArrayList
    android.widget.EditText editText -> P
    java.lang.String text -> text
org.dmfs.android.retentionmagic.demo.DemoActivity$SectionsPagerAdapter -> org.dmfs.android.retentionmagic.demo.b:
    org.dmfs.android.retentionmagic.demo.DemoActivity this$0 -> a
    android.support.v4.app.Fragment getItem(int) -> a
    java.lang.CharSequence getPageTitle(int) -> b
...
android.support.v4.view.ViewCompat$ViewCompatImpl -> android.support.v4.view.aw:
    boolean canScrollHorizontally(android.view.View,int) -> a
    int getOverScrollMode(android.view.View) -> a
    void setAccessibilityDelegate(android.view.View,android.support.v4.view.AccessibilityDelegateCompat) -> a
    void postInvalidateOnAnimation(android.view.View) -> b
    void postInvalidateOnAnimation(android.view.View,int,int,int,int) -> a
    void postOnAnimation(android.view.View,java.lang.Runnable) -> a
    int getImportantForAccessibility(android.view.View) -> c
    void setImportantForAccessibility$5359dc9a(android.view.View) -> d
    void setLayerType(android.view.View,int,android.graphics.Paint) -> a
    int getLayerType(android.view.View) -> e
    void setLayerPaint(android.view.View,android.graphics.Paint) -> a
    int getLayoutDirection(android.view.View) -> f
    boolean isOpaque(android.view.View) -> g
android.support.v4.view.ViewConfigurationCompat -> android.support.v4.view.ax:
    android.support.v4.view.ViewConfigurationCompat$ViewConfigurationVersionImpl IMPL -> a
    int getScaledPagingTouchSlop(android.view.ViewConfiguration) -> a
android.support.v4.view.ViewConfigurationCompat$BaseViewConfigurationVersionImpl -> android.support.v4.view.ay:
    int getScaledPagingTouchSlop(android.view.ViewConfiguration) -> a
android.support.v4.view.ViewConfigurationCompat$FroyoViewConfigurationVersionImpl -> android.support.v4.view.az:
    int getScaledPagingTouchSlop(android.view.ViewConfiguration) -> a
android.support.v4.view.ViewConfigurationCompat$ViewConfigurationVersionImpl -> android.support.v4.view.ba:
    int getScaledPagingTouchSlop(android.view.ViewConfiguration) -> a
android.support.v4.view.ViewPager -> android.support.v4.view.ViewPager:
    int[] LAYOUT_ATTRS -> a
    int mExpectedAdapterCount -> b
    java.util.Comparator COMPARATOR -> c
    android.view.animation.Interpolator sInterpolator -> d
    java.util.ArrayList mItems -> e
    android.support.v4.view.ViewPager$ItemInfo mTempItem -> f
    android.graphics.Rect mTempRect -> g
    android.support.v4.view.PagerAdapter mAdapter -> h
    int mCurItem -> i
    int mRestoredCurItem -> j
    android.os.Parcelable mRestoredAdapterState -> k
    java.lang.ClassLoader mRestoredClassLoader -> l
    android.widget.Scroller mScroller -> m
    android.support.v4.view.ViewPager$PagerObserver mObserver -> n
    int mPageMargin -> o
    android.graphics.drawable.Drawable mMarginDrawable -> p
    int mTopPageBounds -> q
    int mBottomPageBounds -> r
    float mFirstOffset -> s
    float mLastOffset -> t
    int mChildWidthMeasureSpec -> u
    int mChildHeightMeasureSpec -> v
    boolean mInLayout -> w
    boolean mScrollingCacheEnabled -> x
    boolean mPopulatePending -> y
    int mOffscreenPageLimit -> z
    boolean mIsBeingDragged -> A
    boolean mIsUnableToDrag -> B
    int mDefaultGutterSize -> C
    int mGutterSize -> D
    int mTouchSlop -> E
    float mLastMotionX -> F
    float mLastMotionY -> G
    float mInitialMotionX -> H
    float mInitialMotionY -> I
    int mActivePointerId -> J
    android.view.VelocityTracker mVelocityTracker -> K
    int mMinimumVelocity -> L
android.support.v4.view.ViewPager$1 -> android.support.v4.view.bb:
    int compare(java.lang.Object,java.lang.Object) -> compare
android.support.v4.view.ViewPager$2 -> android.support.v4.view.bc:
    float getInterpolation(float) -> getInterpolation
android.support.v4.view.ViewPager$3 -> android.support.v4.view.bd:
    android.support.v4.view.ViewPager this$0 -> a
    void run() -> run
android.support.v4.view.ViewPager$Decor -> android.support.v4.view.be:
android.support.v4.view.ViewPager$ItemInfo -> android.support.v4.view.bf:
    java.lang.Object object -> a
    int position -> b
    boolean scrolling -> c
    float widthFactor -> d
    float offset -> e